<?xml version="1.0" encoding="UTF-8"?>
<!-- Generated by org.testng.reporters.JUnitReportReporter -->
<testsuite hostname="DESKTOP-L0LR9TL" failures="0" tests="1" name="testNG_day01.runningTestSample" time="0.001" errors="0" timestamp="2023-09-05T21:50:44 EDT" skipped="0">
  <testcase classname="testNG_day01.runningTestSample" name="test1" time="0.001"/>
</testsuite> <!-- testNG_day01.runningTestSample -->
