<?xml version="1.0" encoding="UTF-8"?>
<!-- Generated by org.testng.reporters.JUnitReportReporter -->
<testsuite hostname="DESKTOP-L0LR9TL" failures="0" tests="1" name="testNG_day02.params" time="0.009" errors="0" timestamp="2023-09-06T19:52:57 EDT" skipped="0">
  <testcase classname="testNG_day02.params" name="Sum" time="0.009"/>
</testsuite> <!-- testNG_day02.params -->
