<?xml version="1.0" encoding="UTF-8"?>
<!-- Generated by org.testng.reporters.JUnitReportReporter -->
<testsuite hostname="DESKTOP-L0LR9TL" failures="0" tests="1" name="testNG_day02.assertionTesting" time="0.012" errors="0" timestamp="2023-09-06T20:34:33 EDT" skipped="0">
  <testcase classname="testNG_day02.assertionTesting" name="test1" time="0.012">
    <system-out>
      <![CDATA[Veridying the title of the page]]>
    </system-out>
  </testcase> <!-- test1 -->
  <system-out>
    <![CDATA[Veridying the title of the page]]>
  </system-out>
</testsuite> <!-- testNG_day02.assertionTesting -->
