<?xml version="1.0" encoding="UTF-8"?>
<!-- Generated by org.testng.reporters.JUnitReportReporter -->
<testsuite hostname="DESKTOP-L0LR9TL" failures="0" tests="9" name="testNG_day02.dp" time="0.025" errors="0" timestamp="2023-09-07T19:07:54 EDT" skipped="1">
  <testcase classname="testNG_day02.dp" name="myTest2" time="0.003"/>
  <testcase classname="testNG_day02.dp" name="myTest2" time="0.002"/>
  <testcase classname="testNG_day02.dp" name="myTest" time="0.002"/>
  <testcase classname="testNG_day02.dp" name="myTest2" time="0.004"/>
  <testcase classname="testNG_day02.dp" name="myTest" time="0.007"/>
  <testcase classname="testNG_day02.dp" name="myTest" time="0.002"/>
  <testcase classname="testNG_day02.dp" name="myTest" time="0.003"/>
  <testcase classname="testNG_day02.dp" name="myTest2" time="0.002"/>
  <testcase classname="testNG_day02.dp" name="checkValues">
    <skipped/>
  </testcase> <!-- checkValues -->
</testsuite> <!-- testNG_day02.dp -->
