<?xml version="1.0" encoding="UTF-8"?>
<!-- Generated by org.testng.reporters.JUnitReportReporter -->
<testsuite hostname="DESKTOP-L0LR9TL" failures="0" tests="2" name="TestNG_day03.ParallelTest" time="12.714" errors="0" timestamp="2023-09-07T21:42:07 EDT" skipped="0">
  <testcase classname="TestNG_day03.ParallelTest" name="EdgeTest" time="6.882"/>
  <testcase classname="TestNG_day03.ParallelTest" name="ChromeTest" time="5.832"/>
</testsuite> <!-- TestNG_day03.ParallelTest -->
