<?xml version="1.0" encoding="UTF-8"?>
<!-- Generated by org.testng.reporters.JUnitReportReporter -->
<testsuite hostname="DESKTOP-L0LR9TL" failures="0" tests="1" name="testNG_day02.paramSubstractTASK" time="0.001" errors="0" timestamp="2023-09-06T20:38:14 EDT" skipped="0">
  <testcase classname="testNG_day02.paramSubstractTASK" name="Substract" time="0.001"/>
</testsuite> <!-- testNG_day02.paramSubstractTASK -->
